
=INFO REPORT==== 30-Nov-2021::23:50:21 ===
    ts_config_server:(5:<0.127.0>) Config server started, logdir is "/home/ec2-user/.tsung/log/20211130-2350"
 
=INFO REPORT==== 30-Nov-2021::23:50:21 ===
              ts_mon:(5:<0.110.0>) starting monitor, global 

=INFO REPORT==== 30-Nov-2021::23:50:21 ===
           ts_config:(5:<0.127.0>) Reading config file: tsung_book_rate_client.xml

=INFO REPORT==== 30-Nov-2021::23:50:21 ===
           ts_config:(5:<0.127.0>) Session name for id 1 is "booking"

=INFO REPORT==== 30-Nov-2021::23:50:21 ===
    ts_config_server:(4:<0.127.0>) SYSINFO:Tsung version: 1.7.0

=INFO REPORT==== 30-Nov-2021::23:50:21 ===
    ts_config_server:(4:<0.127.0>) SYSINFO:Erlang version: Erlang/OTP 22 [erts-10.6] [source] [64-bit] [smp:8:8] [ds:8:8:10] [async-threads:8] [hipe]


=INFO REPORT==== 30-Nov-2021::23:50:21 ===
    ts_config_server:(4:<0.127.0>) SYSINFO:System architecture x86_64-redhat-linux-gnu

=INFO REPORT==== 30-Nov-2021::23:50:21 ===
    ts_config_server:(4:<0.127.0>) SYSINFO:Current path: /usr/lib/tsung/tsung-1.7.0/ebin/tsung.beam

=INFO REPORT==== 30-Nov-2021::23:50:21 ===
              ts_mon:(5:<0.128.0>) Activate clients with text backend

=INFO REPORT==== 30-Nov-2021::23:50:21 ===
              ts_mon:(5:<0.128.0>) Starting tsung clients on hosts: [localhost]

=INFO REPORT==== 30-Nov-2021::23:50:21 ===
    ts_config_server:(5:<0.127.0>) Start a launcher on the controller beam localhost

=INFO REPORT==== 30-Nov-2021::23:50:21 ===
         ts_launcher:(5:<0.182.0>) Launch msg receive ("localhost")

=INFO REPORT==== 30-Nov-2021::23:50:21 ===
  ts_launcher_static:(5:<0.181.0>) Launch msg receive ("localhost")

=INFO REPORT==== 30-Nov-2021::23:50:21 ===
    ts_config_server:(5:<0.127.0>) New arrival phase 1 for client "localhost" (last ? true): will start 2000 users

=INFO REPORT==== 30-Nov-2021::23:50:21 ===
    ts_config_server:(5:<0.127.0>) New arrival phase 2 for client "localhost" (last ? true): will start 4000 users

=INFO REPORT==== 30-Nov-2021::23:50:21 ===
    ts_config_server:(5:<0.127.0>) New arrival phase 3 for client "localhost" (last ? true): will start 8000 users

=INFO REPORT==== 30-Nov-2021::23:50:21 ===
    ts_config_server:(5:<0.127.0>) New arrival phase 4 for client "localhost" (last ? true): will start 16000 users

=INFO REPORT==== 30-Nov-2021::23:50:21 ===
    ts_config_server:(5:<0.127.0>) New arrival phase 5 for client "localhost" (last ? true): will start 32000 users

=INFO REPORT==== 30-Nov-2021::23:50:21 ===
         ts_launcher:(5:<0.182.0>) Expected duration of first phase: 200.0 sec (2000 users) 

=INFO REPORT==== 30-Nov-2021::23:50:21 ===
         ts_launcher:(5:<0.182.0>) Activate launcher (2000 users) in 1122 msec 

=INFO REPORT==== 30-Nov-2021::23:53:42 ===
         ts_launcher:(5:<0.182.0>) Phase duration exceeded, but not all users were launched (109 users, 5.5% of phase)

=INFO REPORT==== 30-Nov-2021::23:53:42 ===
         ts_launcher:(5:<0.182.0>) Wait for all sessions to finish before starting next phase (still 114 sessions active)
=INFO REPORT==== 30-Nov-2021::23:53:47 ===
         ts_launcher:(5:<0.182.0>) Wait for all sessions to finish before starting next phase (still 58 sessions active)
=INFO REPORT==== 30-Nov-2021::23:53:52 ===
         ts_launcher:(5:<0.182.0>) Wait for all sessions to finish before starting next phase (still 23 sessions active)
=INFO REPORT==== 30-Nov-2021::23:53:57 ===
         ts_launcher:(5:<0.182.0>) Wait for all sessions to finish before starting next phase (still 4 sessions active)
=INFO REPORT==== 30-Nov-2021::23:54:02 ===
         ts_launcher:(5:<0.182.0>) Wait for all sessions to finish before starting next phase (still 1 sessions active)
=INFO REPORT==== 30-Nov-2021::23:54:07 ===
         ts_launcher:(5:<0.182.0>) Start a new arrival phase (4000 users, 0.02); expected duration=200.0 sec

=INFO REPORT==== 30-Nov-2021::23:57:25 ===
         ts_launcher:(4:<0.182.0>) Need to wait 2.441 sec before changing phase, going to sleep

=INFO REPORT==== 30-Nov-2021::23:57:27 ===
         ts_launcher:(5:<0.182.0>) Waking up

=INFO REPORT==== 30-Nov-2021::23:57:27 ===
         ts_launcher:(5:<0.182.0>) Wait for all sessions to finish before starting next phase (still 213 sessions active)
=INFO REPORT==== 30-Nov-2021::23:57:32 ===
         ts_launcher:(5:<0.182.0>) Wait for all sessions to finish before starting next phase (still 98 sessions active)
=INFO REPORT==== 30-Nov-2021::23:57:37 ===
         ts_launcher:(5:<0.182.0>) Wait for all sessions to finish before starting next phase (still 35 sessions active)
=INFO REPORT==== 30-Nov-2021::23:57:42 ===
         ts_launcher:(5:<0.182.0>) Wait for all sessions to finish before starting next phase (still 8 sessions active)
=INFO REPORT==== 30-Nov-2021::23:57:47 ===
         ts_launcher:(5:<0.182.0>) Wait for all sessions to finish before starting next phase (still 2 sessions active)
=INFO REPORT==== 30-Nov-2021::23:57:52 ===
         ts_launcher:(5:<0.182.0>) Wait for all sessions to finish before starting next phase (still 1 sessions active)
=INFO REPORT==== 30-Nov-2021::23:57:57 ===
         ts_launcher:(5:<0.182.0>) Start a new arrival phase (8000 users, 0.04); expected duration=200.0 sec

=INFO REPORT==== 1-Dec-2021::00:01:17 ===
         ts_launcher:(5:<0.182.0>) Phase duration exceeded, but not all users were launched (171 users, 2.1% of phase)

=INFO REPORT==== 1-Dec-2021::00:01:17 ===
         ts_launcher:(5:<0.182.0>) Wait for all sessions to finish before starting next phase (still 807 sessions active)
=INFO REPORT==== 1-Dec-2021::00:01:22 ===
         ts_launcher:(5:<0.182.0>) Wait for all sessions to finish before starting next phase (still 623 sessions active)
=INFO REPORT==== 1-Dec-2021::00:01:27 ===
         ts_launcher:(5:<0.182.0>) Wait for all sessions to finish before starting next phase (still 297 sessions active)
=INFO REPORT==== 1-Dec-2021::00:01:32 ===
         ts_launcher:(5:<0.182.0>) Wait for all sessions to finish before starting next phase (still 122 sessions active)
=INFO REPORT==== 1-Dec-2021::00:01:37 ===
         ts_launcher:(5:<0.182.0>) Wait for all sessions to finish before starting next phase (still 44 sessions active)
=INFO REPORT==== 1-Dec-2021::00:01:42 ===
         ts_launcher:(5:<0.182.0>) Wait for all sessions to finish before starting next phase (still 15 sessions active)
=INFO REPORT==== 1-Dec-2021::00:01:47 ===
         ts_launcher:(5:<0.182.0>) Wait for all sessions to finish before starting next phase (still 5 sessions active)
=INFO REPORT==== 1-Dec-2021::00:01:52 ===
         ts_launcher:(5:<0.182.0>) Wait for all sessions to finish before starting next phase (still 1 sessions active)
=INFO REPORT==== 1-Dec-2021::00:01:57 ===
         ts_launcher:(5:<0.182.0>) Start a new arrival phase (16000 users, 0.08); expected duration=200.0 sec

=INFO REPORT==== 1-Dec-2021::00:05:17 ===
         ts_launcher:(5:<0.182.0>) Phase duration exceeded, but not all users were launched (543 users, 3.4% of phase)

=INFO REPORT==== 1-Dec-2021::00:05:17 ===
         ts_launcher:(5:<0.182.0>) Wait for all sessions to finish before starting next phase (still 1205 sessions active)
=INFO REPORT==== 1-Dec-2021::00:06:17 ===
         ts_launcher:(5:<0.182.0>) Start a new arrival phase (32000 users, 0.16); expected duration=200.0 sec

=INFO REPORT==== 1-Dec-2021::00:09:37 ===
         ts_launcher:(5:<0.182.0>) Phase duration exceeded, but not all users were launched (100 users, 0.3% of phase)

=INFO REPORT==== 1-Dec-2021::00:09:37 ===
         ts_launcher:(5:<0.182.0>) This was the last phase, wait for connected users to finish their session

=INFO REPORT==== 1-Dec-2021::00:09:37 ===
     ts_launcher_mgr:(5:<0.175.0>) Still 2097 active client(s)

=INFO REPORT==== 1-Dec-2021::00:10:37 ===
     ts_launcher_mgr:(5:<0.175.0>) No more active users 'tsung_controller@ip-172-31-21-240' "3449"
